<?xml version="1.0" encoding="UTF-8"?>
<testng-results skipped="0" failed="0" total="1" passed="1">
  <reporter-output>
  </reporter-output>
  <suite name="Default suite" duration-ms="43" started-at="2015-11-27T06:19:18Z" finished-at="2015-11-27T06:19:18Z">
    <groups>
    </groups>
    <test name="Default test" duration-ms="43" started-at="2015-11-27T06:19:18Z" finished-at="2015-11-27T06:19:18Z">
      <class name="Test1">
        <test-method status="PASS" signature="Test1()[pri:0, instance:Test1@1684286]" name="Test1" duration-ms="20" started-at="2015-11-26T22:19:18Z" finished-at="2015-11-26T22:19:18Z">
          <reporter-output>
          </reporter-output>
        </test-method> <!-- Test1 -->
      </class> <!-- Test1 -->
    </test> <!-- Default test -->
  </suite> <!-- Default suite -->
</testng-results>
